<?xml version="1.0" encoding="UTF-8"?>
<testsuite xmlns:xsi="http://www.w3.org/2001/XMLSchema-instance" xsi:noNamespaceSchemaLocation="https://maven.apache.org/surefire/maven-surefire-plugin/xsd/surefire-test-report.xsd" name="cn.edu.xmu.user.controller.ControllerTest1" time="21.578" tests="4" errors="0" skipped="0" failures="0">
  <properties>
    <property name="sun.desktop" value="windows"/>
    <property name="awt.toolkit" value="sun.awt.windows.WToolkit"/>
    <property name="java.specification.version" value="11"/>
    <property name="sun.cpu.isalist" value="amd64"/>
    <property name="sun.jnu.encoding" value="GBK"/>
    <property name="java.class.path" value="E:\Generation\JAVAEE\1-6\other\userservice\target\test-classes;E:\Generation\JAVAEE\1-6\other\userservice\target\classes;D:\software\Maven\apache-maven-3.6.3-bin\maven_jar\cn\edu\xmu\ooad\core\0.0.1-SNAPSHOT\core-0.0.1-SNAPSHOT.jar;D:\software\Maven\apache-maven-3.6.3-bin\maven_jar\org\springframework\boot\spring-boot-starter-aop\2.3.3.RELEASE\spring-boot-starter-aop-2.3.3.RELEASE.jar;D:\software\Maven\apache-maven-3.6.3-bin\maven_jar\org\springframework\spring-aop\5.2.8.RELEASE\spring-aop-5.2.8.RELEASE.jar;D:\software\Maven\apache-maven-3.6.3-bin\maven_jar\org\aspectj\aspectjweaver\1.9.6\aspectjweaver-1.9.6.jar;D:\software\Maven\apache-maven-3.6.3-bin\maven_jar\com\google\guava\guava\23.0\guava-23.0.jar;D:\software\Maven\apache-maven-3.6.3-bin\maven_jar\com\google\code\findbugs\jsr305\1.3.9\jsr305-1.3.9.jar;D:\software\Maven\apache-maven-3.6.3-bin\maven_jar\com\google\errorprone\error_prone_annotations\2.0.18\error_prone_annotations-2.0.18.jar;D:\software\Maven\apache-maven-3.6.3-bin\maven_jar\com\google\j2objc\j2objc-annotations\1.1\j2objc-annotations-1.1.jar;D:\software\Maven\apache-maven-3.6.3-bin\maven_jar\org\codehaus\mojo\animal-sniffer-annotations\1.14\animal-sniffer-annotations-1.14.jar;D:\software\Maven\apache-maven-3.6.3-bin\maven_jar\org\springframework\boot\spring-boot-starter-web\2.3.3.RELEASE\spring-boot-starter-web-2.3.3.RELEASE.jar;D:\software\Maven\apache-maven-3.6.3-bin\maven_jar\org\springframework\boot\spring-boot-starter\2.3.3.RELEASE\spring-boot-starter-2.3.3.RELEASE.jar;D:\software\Maven\apache-maven-3.6.3-bin\maven_jar\org\springframework\boot\spring-boot\2.3.3.RELEASE\spring-boot-2.3.3.RELEASE.jar;D:\software\Maven\apache-maven-3.6.3-bin\maven_jar\org\springframework\boot\spring-boot-starter-logging\2.3.3.RELEASE\spring-boot-starter-logging-2.3.3.RELEASE.jar;D:\software\Maven\apache-maven-3.6.3-bin\maven_jar\org\apache\logging\log4j\log4j-to-slf4j\2.13.3\log4j-to-slf4j-2.13.3.jar;D:\software\Maven\apache-maven-3.6.3-bin\maven_jar\org\apache\logging\log4j\log4j-api\2.13.3\log4j-api-2.13.3.jar;D:\software\Maven\apache-maven-3.6.3-bin\maven_jar\org\slf4j\jul-to-slf4j\1.7.30\jul-to-slf4j-1.7.30.jar;D:\software\Maven\apache-maven-3.6.3-bin\maven_jar\jakarta\annotation\jakarta.annotation-api\1.3.5\jakarta.annotation-api-1.3.5.jar;D:\software\Maven\apache-maven-3.6.3-bin\maven_jar\org\yaml\snakeyaml\1.26\snakeyaml-1.26.jar;D:\software\Maven\apache-maven-3.6.3-bin\maven_jar\org\springframework\boot\spring-boot-starter-json\2.3.3.RELEASE\spring-boot-starter-json-2.3.3.RELEASE.jar;D:\software\Maven\apache-maven-3.6.3-bin\maven_jar\com\fasterxml\jackson\module\jackson-module-parameter-names\2.11.2\jackson-module-parameter-names-2.11.2.jar;D:\software\Maven\apache-maven-3.6.3-bin\maven_jar\org\springframework\boot\spring-boot-starter-tomcat\2.3.3.RELEASE\spring-boot-starter-tomcat-2.3.3.RELEASE.jar;D:\software\Maven\apache-maven-3.6.3-bin\maven_jar\org\apache\tomcat\embed\tomcat-embed-core\9.0.37\tomcat-embed-core-9.0.37.jar;D:\software\Maven\apache-maven-3.6.3-bin\maven_jar\org\apache\tomcat\embed\tomcat-embed-websocket\9.0.37\tomcat-embed-websocket-9.0.37.jar;D:\software\Maven\apache-maven-3.6.3-bin\maven_jar\org\springframework\spring-web\5.2.8.RELEASE\spring-web-5.2.8.RELEASE.jar;D:\software\Maven\apache-maven-3.6.3-bin\maven_jar\org\springframework\spring-beans\5.2.8.RELEASE\spring-beans-5.2.8.RELEASE.jar;D:\software\Maven\apache-maven-3.6.3-bin\maven_jar\org\springframework\spring-webmvc\5.2.8.RELEASE\spring-webmvc-5.2.8.RELEASE.jar;D:\software\Maven\apache-maven-3.6.3-bin\maven_jar\org\springframework\spring-context\5.2.8.RELEASE\spring-context-5.2.8.RELEASE.jar;D:\software\Maven\apache-maven-3.6.3-bin\maven_jar\org\springframework\spring-expression\5.2.8.RELEASE\spring-expression-5.2.8.RELEASE.jar;D:\software\Maven\apache-maven-3.6.3-bin\maven_jar\org\springframework\boot\spring-boot-starter-actuator\2.3.3.RELEASE\spring-boot-starter-actuator-2.3.3.RELEASE.jar;D:\software\Maven\apache-maven-3.6.3-bin\maven_jar\org\springframework\boot\spring-boot-actuator-autoconfigure\2.3.3.RELEASE\spring-boot-actuator-autoconfigure-2.3.3.RELEASE.jar;D:\software\Maven\apache-maven-3.6.3-bin\maven_jar\org\springframework\boot\spring-boot-actuator\2.3.3.RELEASE\spring-boot-actuator-2.3.3.RELEASE.jar;D:\software\Maven\apache-maven-3.6.3-bin\maven_jar\io\micrometer\micrometer-core\1.5.4\micrometer-core-1.5.4.jar;D:\software\Maven\apache-maven-3.6.3-bin\maven_jar\org\hdrhistogram\HdrHistogram\2.1.12\HdrHistogram-2.1.12.jar;D:\software\Maven\apache-maven-3.6.3-bin\maven_jar\org\latencyutils\LatencyUtils\2.0.3\LatencyUtils-2.0.3.jar;D:\software\Maven\apache-maven-3.6.3-bin\maven_jar\org\springframework\boot\spring-boot-starter-validation\2.3.3.RELEASE\spring-boot-starter-validation-2.3.3.RELEASE.jar;D:\software\Maven\apache-maven-3.6.3-bin\maven_jar\org\glassfish\jakarta.el\3.0.3\jakarta.el-3.0.3.jar;D:\software\Maven\apache-maven-3.6.3-bin\maven_jar\org\hibernate\validator\hibernate-validator\6.1.5.Final\hibernate-validator-6.1.5.Final.jar;D:\software\Maven\apache-maven-3.6.3-bin\maven_jar\jakarta\validation\jakarta.validation-api\2.0.2\jakarta.validation-api-2.0.2.jar;D:\software\Maven\apache-maven-3.6.3-bin\maven_jar\org\jboss\logging\jboss-logging\3.4.1.Final\jboss-logging-3.4.1.Final.jar;D:\software\Maven\apache-maven-3.6.3-bin\maven_jar\org\springframework\boot\spring-boot-starter-data-redis\2.3.3.RELEASE\spring-boot-starter-data-redis-2.3.3.RELEASE.jar;D:\software\Maven\apache-maven-3.6.3-bin\maven_jar\org\springframework\data\spring-data-redis\2.3.3.RELEASE\spring-data-redis-2.3.3.RELEASE.jar;D:\software\Maven\apache-maven-3.6.3-bin\maven_jar\org\springframework\data\spring-data-keyvalue\2.3.3.RELEASE\spring-data-keyvalue-2.3.3.RELEASE.jar;D:\software\Maven\apache-maven-3.6.3-bin\maven_jar\org\springframework\data\spring-data-commons\2.3.3.RELEASE\spring-data-commons-2.3.3.RELEASE.jar;D:\software\Maven\apache-maven-3.6.3-bin\maven_jar\org\springframework\spring-tx\5.2.8.RELEASE\spring-tx-5.2.8.RELEASE.jar;D:\software\Maven\apache-maven-3.6.3-bin\maven_jar\org\springframework\spring-oxm\5.2.8.RELEASE\spring-oxm-5.2.8.RELEASE.jar;D:\software\Maven\apache-maven-3.6.3-bin\maven_jar\io\lettuce\lettuce-core\5.3.3.RELEASE\lettuce-core-5.3.3.RELEASE.jar;D:\software\Maven\apache-maven-3.6.3-bin\maven_jar\io\netty\netty-common\4.1.51.Final\netty-common-4.1.51.Final.jar;D:\software\Maven\apache-maven-3.6.3-bin\maven_jar\io\netty\netty-handler\4.1.51.Final\netty-handler-4.1.51.Final.jar;D:\software\Maven\apache-maven-3.6.3-bin\maven_jar\io\netty\netty-resolver\4.1.51.Final\netty-resolver-4.1.51.Final.jar;D:\software\Maven\apache-maven-3.6.3-bin\maven_jar\io\netty\netty-buffer\4.1.51.Final\netty-buffer-4.1.51.Final.jar;D:\software\Maven\apache-maven-3.6.3-bin\maven_jar\io\netty\netty-codec\4.1.51.Final\netty-codec-4.1.51.Final.jar;D:\software\Maven\apache-maven-3.6.3-bin\maven_jar\io\netty\netty-transport\4.1.51.Final\netty-transport-4.1.51.Final.jar;D:\software\Maven\apache-maven-3.6.3-bin\maven_jar\io\projectreactor\reactor-core\3.3.9.RELEASE\reactor-core-3.3.9.RELEASE.jar;D:\software\Maven\apache-maven-3.6.3-bin\maven_jar\org\reactivestreams\reactive-streams\1.0.3\reactive-streams-1.0.3.jar;D:\software\Maven\apache-maven-3.6.3-bin\maven_jar\org\springframework\boot\spring-boot-starter-test\2.3.3.RELEASE\spring-boot-starter-test-2.3.3.RELEASE.jar;D:\software\Maven\apache-maven-3.6.3-bin\maven_jar\org\springframework\boot\spring-boot-test\2.3.3.RELEASE\spring-boot-test-2.3.3.RELEASE.jar;D:\software\Maven\apache-maven-3.6.3-bin\maven_jar\org\springframework\boot\spring-boot-test-autoconfigure\2.3.3.RELEASE\spring-boot-test-autoconfigure-2.3.3.RELEASE.jar;D:\software\Maven\apache-maven-3.6.3-bin\maven_jar\com\jayway\jsonpath\json-path\2.4.0\json-path-2.4.0.jar;D:\software\Maven\apache-maven-3.6.3-bin\maven_jar\net\minidev\json-smart\2.3\json-smart-2.3.jar;D:\software\Maven\apache-maven-3.6.3-bin\maven_jar\net\minidev\accessors-smart\1.2\accessors-smart-1.2.jar;D:\software\Maven\apache-maven-3.6.3-bin\maven_jar\org\ow2\asm\asm\5.0.4\asm-5.0.4.jar;D:\software\Maven\apache-maven-3.6.3-bin\maven_jar\jakarta\xml\bind\jakarta.xml.bind-api\2.3.3\jakarta.xml.bind-api-2.3.3.jar;D:\software\Maven\apache-maven-3.6.3-bin\maven_jar\jakarta\activation\jakarta.activation-api\1.2.2\jakarta.activation-api-1.2.2.jar;D:\software\Maven\apache-maven-3.6.3-bin\maven_jar\org\assertj\assertj-core\3.16.1\assertj-core-3.16.1.jar;D:\software\Maven\apache-maven-3.6.3-bin\maven_jar\org\hamcrest\hamcrest\2.2\hamcrest-2.2.jar;D:\software\Maven\apache-maven-3.6.3-bin\maven_jar\org\junit\jupiter\junit-jupiter\5.6.2\junit-jupiter-5.6.2.jar;D:\software\Maven\apache-maven-3.6.3-bin\maven_jar\org\junit\jupiter\junit-jupiter-api\5.6.2\junit-jupiter-api-5.6.2.jar;D:\software\Maven\apache-maven-3.6.3-bin\maven_jar\org\apiguardian\apiguardian-api\1.1.0\apiguardian-api-1.1.0.jar;D:\software\Maven\apache-maven-3.6.3-bin\maven_jar\org\opentest4j\opentest4j\1.2.0\opentest4j-1.2.0.jar;D:\software\Maven\apache-maven-3.6.3-bin\maven_jar\org\junit\platform\junit-platform-commons\1.6.2\junit-platform-commons-1.6.2.jar;D:\software\Maven\apache-maven-3.6.3-bin\maven_jar\org\junit\jupiter\junit-jupiter-params\5.6.2\junit-jupiter-params-5.6.2.jar;D:\software\Maven\apache-maven-3.6.3-bin\maven_jar\org\junit\jupiter\junit-jupiter-engine\5.6.2\junit-jupiter-engine-5.6.2.jar;D:\software\Maven\apache-maven-3.6.3-bin\maven_jar\org\junit\platform\junit-platform-engine\1.6.2\junit-platform-engine-1.6.2.jar;D:\software\Maven\apache-maven-3.6.3-bin\maven_jar\org\mockito\mockito-core\3.3.3\mockito-core-3.3.3.jar;D:\software\Maven\apache-maven-3.6.3-bin\maven_jar\net\bytebuddy\byte-buddy\1.10.14\byte-buddy-1.10.14.jar;D:\software\Maven\apache-maven-3.6.3-bin\maven_jar\net\bytebuddy\byte-buddy-agent\1.10.14\byte-buddy-agent-1.10.14.jar;D:\software\Maven\apache-maven-3.6.3-bin\maven_jar\org\objenesis\objenesis\2.6\objenesis-2.6.jar;D:\software\Maven\apache-maven-3.6.3-bin\maven_jar\org\mockito\mockito-junit-jupiter\3.3.3\mockito-junit-jupiter-3.3.3.jar;D:\software\Maven\apache-maven-3.6.3-bin\maven_jar\org\skyscreamer\jsonassert\1.5.0\jsonassert-1.5.0.jar;D:\software\Maven\apache-maven-3.6.3-bin\maven_jar\com\vaadin\external\google\android-json\0.0.20131108.vaadin1\android-json-0.0.20131108.vaadin1.jar;D:\software\Maven\apache-maven-3.6.3-bin\maven_jar\org\springframework\spring-core\5.2.8.RELEASE\spring-core-5.2.8.RELEASE.jar;D:\software\Maven\apache-maven-3.6.3-bin\maven_jar\org\springframework\spring-jcl\5.2.8.RELEASE\spring-jcl-5.2.8.RELEASE.jar;D:\software\Maven\apache-maven-3.6.3-bin\maven_jar\org\springframework\spring-test\5.2.8.RELEASE\spring-test-5.2.8.RELEASE.jar;D:\software\Maven\apache-maven-3.6.3-bin\maven_jar\org\xmlunit\xmlunit-core\2.7.0\xmlunit-core-2.7.0.jar;D:\software\Maven\apache-maven-3.6.3-bin\maven_jar\org\projectlombok\lombok\1.18.12\lombok-1.18.12.jar;D:\software\Maven\apache-maven-3.6.3-bin\maven_jar\io\springfox\springfox-swagger2\2.9.2\springfox-swagger2-2.9.2.jar;D:\software\Maven\apache-maven-3.6.3-bin\maven_jar\io\swagger\swagger-annotations\1.5.20\swagger-annotations-1.5.20.jar;D:\software\Maven\apache-maven-3.6.3-bin\maven_jar\io\swagger\swagger-models\1.5.20\swagger-models-1.5.20.jar;D:\software\Maven\apache-maven-3.6.3-bin\maven_jar\io\springfox\springfox-spi\2.9.2\springfox-spi-2.9.2.jar;D:\software\Maven\apache-maven-3.6.3-bin\maven_jar\io\springfox\springfox-core\2.9.2\springfox-core-2.9.2.jar;D:\software\Maven\apache-maven-3.6.3-bin\maven_jar\io\springfox\springfox-schema\2.9.2\springfox-schema-2.9.2.jar;D:\software\Maven\apache-maven-3.6.3-bin\maven_jar\io\springfox\springfox-swagger-common\2.9.2\springfox-swagger-common-2.9.2.jar;D:\software\Maven\apache-maven-3.6.3-bin\maven_jar\io\springfox\springfox-spring-web\2.9.2\springfox-spring-web-2.9.2.jar;D:\software\Maven\apache-maven-3.6.3-bin\maven_jar\com\fasterxml\classmate\1.5.1\classmate-1.5.1.jar;D:\software\Maven\apache-maven-3.6.3-bin\maven_jar\org\slf4j\slf4j-api\1.7.30\slf4j-api-1.7.30.jar;D:\software\Maven\apache-maven-3.6.3-bin\maven_jar\org\springframework\plugin\spring-plugin-core\1.2.0.RELEASE\spring-plugin-core-1.2.0.RELEASE.jar;D:\software\Maven\apache-maven-3.6.3-bin\maven_jar\org\springframework\plugin\spring-plugin-metadata\1.2.0.RELEASE\spring-plugin-metadata-1.2.0.RELEASE.jar;D:\software\Maven\apache-maven-3.6.3-bin\maven_jar\org\mapstruct\mapstruct\1.2.0.Final\mapstruct-1.2.0.Final.jar;D:\software\Maven\apache-maven-3.6.3-bin\maven_jar\io\springfox\springfox-swagger-ui\2.10.2\springfox-swagger-ui-2.10.2.jar;D:\software\Maven\apache-maven-3.6.3-bin\maven_jar\com\github\pagehelper\pagehelper-spring-boot-starter\1.2.13\pagehelper-spring-boot-starter-1.2.13.jar;D:\software\Maven\apache-maven-3.6.3-bin\maven_jar\com\github\pagehelper\pagehelper-spring-boot-autoconfigure\1.2.13\pagehelper-spring-boot-autoconfigure-1.2.13.jar;D:\software\Maven\apache-maven-3.6.3-bin\maven_jar\com\github\pagehelper\pagehelper\5.1.11\pagehelper-5.1.11.jar;D:\software\Maven\apache-maven-3.6.3-bin\maven_jar\com\github\jsqlparser\jsqlparser\2.0\jsqlparser-2.0.jar;D:\software\Maven\apache-maven-3.6.3-bin\maven_jar\mysql\mysql-connector-java\8.0.20\mysql-connector-java-8.0.20.jar;D:\software\Maven\apache-maven-3.6.3-bin\maven_jar\com\google\protobuf\protobuf-java\3.6.1\protobuf-java-3.6.1.jar;D:\software\Maven\apache-maven-3.6.3-bin\maven_jar\org\mybatis\spring\boot\mybatis-spring-boot-starter\2.1.2\mybatis-spring-boot-starter-2.1.2.jar;D:\software\Maven\apache-maven-3.6.3-bin\maven_jar\org\springframework\boot\spring-boot-starter-jdbc\2.3.3.RELEASE\spring-boot-starter-jdbc-2.3.3.RELEASE.jar;D:\software\Maven\apache-maven-3.6.3-bin\maven_jar\com\zaxxer\HikariCP\3.4.5\HikariCP-3.4.5.jar;D:\software\Maven\apache-maven-3.6.3-bin\maven_jar\org\springframework\spring-jdbc\5.2.8.RELEASE\spring-jdbc-5.2.8.RELEASE.jar;D:\software\Maven\apache-maven-3.6.3-bin\maven_jar\org\mybatis\spring\boot\mybatis-spring-boot-autoconfigure\2.1.2\mybatis-spring-boot-autoconfigure-2.1.2.jar;D:\software\Maven\apache-maven-3.6.3-bin\maven_jar\org\mybatis\mybatis\3.5.4\mybatis-3.5.4.jar;D:\software\Maven\apache-maven-3.6.3-bin\maven_jar\org\mybatis\mybatis-spring\2.0.4\mybatis-spring-2.0.4.jar;D:\software\Maven\apache-maven-3.6.3-bin\maven_jar\com\alibaba\druid-spring-boot-starter\1.1.22\druid-spring-boot-starter-1.1.22.jar;D:\software\Maven\apache-maven-3.6.3-bin\maven_jar\com\alibaba\druid\1.1.22\druid-1.1.22.jar;D:\software\Maven\apache-maven-3.6.3-bin\maven_jar\org\springframework\boot\spring-boot-autoconfigure\2.3.3.RELEASE\spring-boot-autoconfigure-2.3.3.RELEASE.jar;D:\software\Maven\apache-maven-3.6.3-bin\maven_jar\ch\qos\logback\logback-classic\1.2.3\logback-classic-1.2.3.jar;D:\software\Maven\apache-maven-3.6.3-bin\maven_jar\ch\qos\logback\logback-core\1.2.3\logback-core-1.2.3.jar;D:\software\Maven\apache-maven-3.6.3-bin\maven_jar\com\fasterxml\jackson\datatype\jackson-datatype-jsr310\2.11.1\jackson-datatype-jsr310-2.11.1.jar;D:\software\Maven\apache-maven-3.6.3-bin\maven_jar\com\fasterxml\jackson\core\jackson-annotations\2.11.2\jackson-annotations-2.11.2.jar;D:\software\Maven\apache-maven-3.6.3-bin\maven_jar\com\fasterxml\jackson\core\jackson-core\2.11.2\jackson-core-2.11.2.jar;D:\software\Maven\apache-maven-3.6.3-bin\maven_jar\com\fasterxml\jackson\core\jackson-databind\2.11.2\jackson-databind-2.11.2.jar;D:\software\Maven\apache-maven-3.6.3-bin\maven_jar\com\fasterxml\jackson\datatype\jackson-datatype-jdk8\2.11.1\jackson-datatype-jdk8-2.11.1.jar;D:\software\Maven\apache-maven-3.6.3-bin\maven_jar\org\apache\commons\commons-pool2\2.9.0\commons-pool2-2.9.0.jar;D:\software\Maven\apache-maven-3.6.3-bin\maven_jar\com\auth0\java-jwt\3.10.3\java-jwt-3.10.3.jar;D:\software\Maven\apache-maven-3.6.3-bin\maven_jar\commons-codec\commons-codec\1.14\commons-codec-1.14.jar;D:\software\Maven\apache-maven-3.6.3-bin\maven_jar\org\springframework\boot\spring-boot-starter-mail\2.3.3.RELEASE\spring-boot-starter-mail-2.3.3.RELEASE.jar;D:\software\Maven\apache-maven-3.6.3-bin\maven_jar\org\springframework\spring-context-support\5.2.8.RELEASE\spring-context-support-5.2.8.RELEASE.jar;D:\software\Maven\apache-maven-3.6.3-bin\maven_jar\com\sun\mail\jakarta.mail\1.6.5\jakarta.mail-1.6.5.jar;D:\software\Maven\apache-maven-3.6.3-bin\maven_jar\com\sun\activation\jakarta.activation\1.2.2\jakarta.activation-1.2.2.jar;"/>
    <property name="java.vm.vendor" value="JetBrains s.r.o."/>
    <property name="sun.arch.data.model" value="64"/>
    <property name="user.variant" value=""/>
    <property name="java.vendor.url" value="https://www.jetbrains.com/"/>
    <property name="user.timezone" value="Asia/Shanghai"/>
    <property name="java.vm.specification.version" value="11"/>
    <property name="os.name" value="Windows 10"/>
    <property name="sun.java.launcher" value="SUN_STANDARD"/>
    <property name="user.country" value="CN"/>
    <property name="sun.boot.library.path" value="D:\software\ideaIU-2020.1.2\IntelliJ IDEA 2020.1.2\jbr\bin"/>
    <property name="sun.java.command" value="C:\Users\DELL\AppData\Local\Temp\surefire6206291831271949818\surefirebooter8296483407640823420.jar C:\Users\DELL\AppData\Local\Temp\surefire6206291831271949818 2020-11-20T09-57-48_875-jvmRun1 surefire4601412339940460146tmp surefire_02760317537455462678tmp"/>
    <property name="jdk.debug" value="release"/>
    <property name="surefire.test.class.path" value="E:\Generation\JAVAEE\1-6\other\userservice\target\test-classes;E:\Generation\JAVAEE\1-6\other\userservice\target\classes;D:\software\Maven\apache-maven-3.6.3-bin\maven_jar\cn\edu\xmu\ooad\core\0.0.1-SNAPSHOT\core-0.0.1-SNAPSHOT.jar;D:\software\Maven\apache-maven-3.6.3-bin\maven_jar\org\springframework\boot\spring-boot-starter-aop\2.3.3.RELEASE\spring-boot-starter-aop-2.3.3.RELEASE.jar;D:\software\Maven\apache-maven-3.6.3-bin\maven_jar\org\springframework\spring-aop\5.2.8.RELEASE\spring-aop-5.2.8.RELEASE.jar;D:\software\Maven\apache-maven-3.6.3-bin\maven_jar\org\aspectj\aspectjweaver\1.9.6\aspectjweaver-1.9.6.jar;D:\software\Maven\apache-maven-3.6.3-bin\maven_jar\com\google\guava\guava\23.0\guava-23.0.jar;D:\software\Maven\apache-maven-3.6.3-bin\maven_jar\com\google\code\findbugs\jsr305\1.3.9\jsr305-1.3.9.jar;D:\software\Maven\apache-maven-3.6.3-bin\maven_jar\com\google\errorprone\error_prone_annotations\2.0.18\error_prone_annotations-2.0.18.jar;D:\software\Maven\apache-maven-3.6.3-bin\maven_jar\com\google\j2objc\j2objc-annotations\1.1\j2objc-annotations-1.1.jar;D:\software\Maven\apache-maven-3.6.3-bin\maven_jar\org\codehaus\mojo\animal-sniffer-annotations\1.14\animal-sniffer-annotations-1.14.jar;D:\software\Maven\apache-maven-3.6.3-bin\maven_jar\org\springframework\boot\spring-boot-starter-web\2.3.3.RELEASE\spring-boot-starter-web-2.3.3.RELEASE.jar;D:\software\Maven\apache-maven-3.6.3-bin\maven_jar\org\springframework\boot\spring-boot-starter\2.3.3.RELEASE\spring-boot-starter-2.3.3.RELEASE.jar;D:\software\Maven\apache-maven-3.6.3-bin\maven_jar\org\springframework\boot\spring-boot\2.3.3.RELEASE\spring-boot-2.3.3.RELEASE.jar;D:\software\Maven\apache-maven-3.6.3-bin\maven_jar\org\springframework\boot\spring-boot-starter-logging\2.3.3.RELEASE\spring-boot-starter-logging-2.3.3.RELEASE.jar;D:\software\Maven\apache-maven-3.6.3-bin\maven_jar\org\apache\logging\log4j\log4j-to-slf4j\2.13.3\log4j-to-slf4j-2.13.3.jar;D:\software\Maven\apache-maven-3.6.3-bin\maven_jar\org\apache\logging\log4j\log4j-api\2.13.3\log4j-api-2.13.3.jar;D:\software\Maven\apache-maven-3.6.3-bin\maven_jar\org\slf4j\jul-to-slf4j\1.7.30\jul-to-slf4j-1.7.30.jar;D:\software\Maven\apache-maven-3.6.3-bin\maven_jar\jakarta\annotation\jakarta.annotation-api\1.3.5\jakarta.annotation-api-1.3.5.jar;D:\software\Maven\apache-maven-3.6.3-bin\maven_jar\org\yaml\snakeyaml\1.26\snakeyaml-1.26.jar;D:\software\Maven\apache-maven-3.6.3-bin\maven_jar\org\springframework\boot\spring-boot-starter-json\2.3.3.RELEASE\spring-boot-starter-json-2.3.3.RELEASE.jar;D:\software\Maven\apache-maven-3.6.3-bin\maven_jar\com\fasterxml\jackson\module\jackson-module-parameter-names\2.11.2\jackson-module-parameter-names-2.11.2.jar;D:\software\Maven\apache-maven-3.6.3-bin\maven_jar\org\springframework\boot\spring-boot-starter-tomcat\2.3.3.RELEASE\spring-boot-starter-tomcat-2.3.3.RELEASE.jar;D:\software\Maven\apache-maven-3.6.3-bin\maven_jar\org\apache\tomcat\embed\tomcat-embed-core\9.0.37\tomcat-embed-core-9.0.37.jar;D:\software\Maven\apache-maven-3.6.3-bin\maven_jar\org\apache\tomcat\embed\tomcat-embed-websocket\9.0.37\tomcat-embed-websocket-9.0.37.jar;D:\software\Maven\apache-maven-3.6.3-bin\maven_jar\org\springframework\spring-web\5.2.8.RELEASE\spring-web-5.2.8.RELEASE.jar;D:\software\Maven\apache-maven-3.6.3-bin\maven_jar\org\springframework\spring-beans\5.2.8.RELEASE\spring-beans-5.2.8.RELEASE.jar;D:\software\Maven\apache-maven-3.6.3-bin\maven_jar\org\springframework\spring-webmvc\5.2.8.RELEASE\spring-webmvc-5.2.8.RELEASE.jar;D:\software\Maven\apache-maven-3.6.3-bin\maven_jar\org\springframework\spring-context\5.2.8.RELEASE\spring-context-5.2.8.RELEASE.jar;D:\software\Maven\apache-maven-3.6.3-bin\maven_jar\org\springframework\spring-expression\5.2.8.RELEASE\spring-expression-5.2.8.RELEASE.jar;D:\software\Maven\apache-maven-3.6.3-bin\maven_jar\org\springframework\boot\spring-boot-starter-actuator\2.3.3.RELEASE\spring-boot-starter-actuator-2.3.3.RELEASE.jar;D:\software\Maven\apache-maven-3.6.3-bin\maven_jar\org\springframework\boot\spring-boot-actuator-autoconfigure\2.3.3.RELEASE\spring-boot-actuator-autoconfigure-2.3.3.RELEASE.jar;D:\software\Maven\apache-maven-3.6.3-bin\maven_jar\org\springframework\boot\spring-boot-actuator\2.3.3.RELEASE\spring-boot-actuator-2.3.3.RELEASE.jar;D:\software\Maven\apache-maven-3.6.3-bin\maven_jar\io\micrometer\micrometer-core\1.5.4\micrometer-core-1.5.4.jar;D:\software\Maven\apache-maven-3.6.3-bin\maven_jar\org\hdrhistogram\HdrHistogram\2.1.12\HdrHistogram-2.1.12.jar;D:\software\Maven\apache-maven-3.6.3-bin\maven_jar\org\latencyutils\LatencyUtils\2.0.3\LatencyUtils-2.0.3.jar;D:\software\Maven\apache-maven-3.6.3-bin\maven_jar\org\springframework\boot\spring-boot-starter-validation\2.3.3.RELEASE\spring-boot-starter-validation-2.3.3.RELEASE.jar;D:\software\Maven\apache-maven-3.6.3-bin\maven_jar\org\glassfish\jakarta.el\3.0.3\jakarta.el-3.0.3.jar;D:\software\Maven\apache-maven-3.6.3-bin\maven_jar\org\hibernate\validator\hibernate-validator\6.1.5.Final\hibernate-validator-6.1.5.Final.jar;D:\software\Maven\apache-maven-3.6.3-bin\maven_jar\jakarta\validation\jakarta.validation-api\2.0.2\jakarta.validation-api-2.0.2.jar;D:\software\Maven\apache-maven-3.6.3-bin\maven_jar\org\jboss\logging\jboss-logging\3.4.1.Final\jboss-logging-3.4.1.Final.jar;D:\software\Maven\apache-maven-3.6.3-bin\maven_jar\org\springframework\boot\spring-boot-starter-data-redis\2.3.3.RELEASE\spring-boot-starter-data-redis-2.3.3.RELEASE.jar;D:\software\Maven\apache-maven-3.6.3-bin\maven_jar\org\springframework\data\spring-data-redis\2.3.3.RELEASE\spring-data-redis-2.3.3.RELEASE.jar;D:\software\Maven\apache-maven-3.6.3-bin\maven_jar\org\springframework\data\spring-data-keyvalue\2.3.3.RELEASE\spring-data-keyvalue-2.3.3.RELEASE.jar;D:\software\Maven\apache-maven-3.6.3-bin\maven_jar\org\springframework\data\spring-data-commons\2.3.3.RELEASE\spring-data-commons-2.3.3.RELEASE.jar;D:\software\Maven\apache-maven-3.6.3-bin\maven_jar\org\springframework\spring-tx\5.2.8.RELEASE\spring-tx-5.2.8.RELEASE.jar;D:\software\Maven\apache-maven-3.6.3-bin\maven_jar\org\springframework\spring-oxm\5.2.8.RELEASE\spring-oxm-5.2.8.RELEASE.jar;D:\software\Maven\apache-maven-3.6.3-bin\maven_jar\io\lettuce\lettuce-core\5.3.3.RELEASE\lettuce-core-5.3.3.RELEASE.jar;D:\software\Maven\apache-maven-3.6.3-bin\maven_jar\io\netty\netty-common\4.1.51.Final\netty-common-4.1.51.Final.jar;D:\software\Maven\apache-maven-3.6.3-bin\maven_jar\io\netty\netty-handler\4.1.51.Final\netty-handler-4.1.51.Final.jar;D:\software\Maven\apache-maven-3.6.3-bin\maven_jar\io\netty\netty-resolver\4.1.51.Final\netty-resolver-4.1.51.Final.jar;D:\software\Maven\apache-maven-3.6.3-bin\maven_jar\io\netty\netty-buffer\4.1.51.Final\netty-buffer-4.1.51.Final.jar;D:\software\Maven\apache-maven-3.6.3-bin\maven_jar\io\netty\netty-codec\4.1.51.Final\netty-codec-4.1.51.Final.jar;D:\software\Maven\apache-maven-3.6.3-bin\maven_jar\io\netty\netty-transport\4.1.51.Final\netty-transport-4.1.51.Final.jar;D:\software\Maven\apache-maven-3.6.3-bin\maven_jar\io\projectreactor\reactor-core\3.3.9.RELEASE\reactor-core-3.3.9.RELEASE.jar;D:\software\Maven\apache-maven-3.6.3-bin\maven_jar\org\reactivestreams\reactive-streams\1.0.3\reactive-streams-1.0.3.jar;D:\software\Maven\apache-maven-3.6.3-bin\maven_jar\org\springframework\boot\spring-boot-starter-test\2.3.3.RELEASE\spring-boot-starter-test-2.3.3.RELEASE.jar;D:\software\Maven\apache-maven-3.6.3-bin\maven_jar\org\springframework\boot\spring-boot-test\2.3.3.RELEASE\spring-boot-test-2.3.3.RELEASE.jar;D:\software\Maven\apache-maven-3.6.3-bin\maven_jar\org\springframework\boot\spring-boot-test-autoconfigure\2.3.3.RELEASE\spring-boot-test-autoconfigure-2.3.3.RELEASE.jar;D:\software\Maven\apache-maven-3.6.3-bin\maven_jar\com\jayway\jsonpath\json-path\2.4.0\json-path-2.4.0.jar;D:\software\Maven\apache-maven-3.6.3-bin\maven_jar\net\minidev\json-smart\2.3\json-smart-2.3.jar;D:\software\Maven\apache-maven-3.6.3-bin\maven_jar\net\minidev\accessors-smart\1.2\accessors-smart-1.2.jar;D:\software\Maven\apache-maven-3.6.3-bin\maven_jar\org\ow2\asm\asm\5.0.4\asm-5.0.4.jar;D:\software\Maven\apache-maven-3.6.3-bin\maven_jar\jakarta\xml\bind\jakarta.xml.bind-api\2.3.3\jakarta.xml.bind-api-2.3.3.jar;D:\software\Maven\apache-maven-3.6.3-bin\maven_jar\jakarta\activation\jakarta.activation-api\1.2.2\jakarta.activation-api-1.2.2.jar;D:\software\Maven\apache-maven-3.6.3-bin\maven_jar\org\assertj\assertj-core\3.16.1\assertj-core-3.16.1.jar;D:\software\Maven\apache-maven-3.6.3-bin\maven_jar\org\hamcrest\hamcrest\2.2\hamcrest-2.2.jar;D:\software\Maven\apache-maven-3.6.3-bin\maven_jar\org\junit\jupiter\junit-jupiter\5.6.2\junit-jupiter-5.6.2.jar;D:\software\Maven\apache-maven-3.6.3-bin\maven_jar\org\junit\jupiter\junit-jupiter-api\5.6.2\junit-jupiter-api-5.6.2.jar;D:\software\Maven\apache-maven-3.6.3-bin\maven_jar\org\apiguardian\apiguardian-api\1.1.0\apiguardian-api-1.1.0.jar;D:\software\Maven\apache-maven-3.6.3-bin\maven_jar\org\opentest4j\opentest4j\1.2.0\opentest4j-1.2.0.jar;D:\software\Maven\apache-maven-3.6.3-bin\maven_jar\org\junit\platform\junit-platform-commons\1.6.2\junit-platform-commons-1.6.2.jar;D:\software\Maven\apache-maven-3.6.3-bin\maven_jar\org\junit\jupiter\junit-jupiter-params\5.6.2\junit-jupiter-params-5.6.2.jar;D:\software\Maven\apache-maven-3.6.3-bin\maven_jar\org\junit\jupiter\junit-jupiter-engine\5.6.2\junit-jupiter-engine-5.6.2.jar;D:\software\Maven\apache-maven-3.6.3-bin\maven_jar\org\junit\platform\junit-platform-engine\1.6.2\junit-platform-engine-1.6.2.jar;D:\software\Maven\apache-maven-3.6.3-bin\maven_jar\org\mockito\mockito-core\3.3.3\mockito-core-3.3.3.jar;D:\software\Maven\apache-maven-3.6.3-bin\maven_jar\net\bytebuddy\byte-buddy\1.10.14\byte-buddy-1.10.14.jar;D:\software\Maven\apache-maven-3.6.3-bin\maven_jar\net\bytebuddy\byte-buddy-agent\1.10.14\byte-buddy-agent-1.10.14.jar;D:\software\Maven\apache-maven-3.6.3-bin\maven_jar\org\objenesis\objenesis\2.6\objenesis-2.6.jar;D:\software\Maven\apache-maven-3.6.3-bin\maven_jar\org\mockito\mockito-junit-jupiter\3.3.3\mockito-junit-jupiter-3.3.3.jar;D:\software\Maven\apache-maven-3.6.3-bin\maven_jar\org\skyscreamer\jsonassert\1.5.0\jsonassert-1.5.0.jar;D:\software\Maven\apache-maven-3.6.3-bin\maven_jar\com\vaadin\external\google\android-json\0.0.20131108.vaadin1\android-json-0.0.20131108.vaadin1.jar;D:\software\Maven\apache-maven-3.6.3-bin\maven_jar\org\springframework\spring-core\5.2.8.RELEASE\spring-core-5.2.8.RELEASE.jar;D:\software\Maven\apache-maven-3.6.3-bin\maven_jar\org\springframework\spring-jcl\5.2.8.RELEASE\spring-jcl-5.2.8.RELEASE.jar;D:\software\Maven\apache-maven-3.6.3-bin\maven_jar\org\springframework\spring-test\5.2.8.RELEASE\spring-test-5.2.8.RELEASE.jar;D:\software\Maven\apache-maven-3.6.3-bin\maven_jar\org\xmlunit\xmlunit-core\2.7.0\xmlunit-core-2.7.0.jar;D:\software\Maven\apache-maven-3.6.3-bin\maven_jar\org\projectlombok\lombok\1.18.12\lombok-1.18.12.jar;D:\software\Maven\apache-maven-3.6.3-bin\maven_jar\io\springfox\springfox-swagger2\2.9.2\springfox-swagger2-2.9.2.jar;D:\software\Maven\apache-maven-3.6.3-bin\maven_jar\io\swagger\swagger-annotations\1.5.20\swagger-annotations-1.5.20.jar;D:\software\Maven\apache-maven-3.6.3-bin\maven_jar\io\swagger\swagger-models\1.5.20\swagger-models-1.5.20.jar;D:\software\Maven\apache-maven-3.6.3-bin\maven_jar\io\springfox\springfox-spi\2.9.2\springfox-spi-2.9.2.jar;D:\software\Maven\apache-maven-3.6.3-bin\maven_jar\io\springfox\springfox-core\2.9.2\springfox-core-2.9.2.jar;D:\software\Maven\apache-maven-3.6.3-bin\maven_jar\io\springfox\springfox-schema\2.9.2\springfox-schema-2.9.2.jar;D:\software\Maven\apache-maven-3.6.3-bin\maven_jar\io\springfox\springfox-swagger-common\2.9.2\springfox-swagger-common-2.9.2.jar;D:\software\Maven\apache-maven-3.6.3-bin\maven_jar\io\springfox\springfox-spring-web\2.9.2\springfox-spring-web-2.9.2.jar;D:\software\Maven\apache-maven-3.6.3-bin\maven_jar\com\fasterxml\classmate\1.5.1\classmate-1.5.1.jar;D:\software\Maven\apache-maven-3.6.3-bin\maven_jar\org\slf4j\slf4j-api\1.7.30\slf4j-api-1.7.30.jar;D:\software\Maven\apache-maven-3.6.3-bin\maven_jar\org\springframework\plugin\spring-plugin-core\1.2.0.RELEASE\spring-plugin-core-1.2.0.RELEASE.jar;D:\software\Maven\apache-maven-3.6.3-bin\maven_jar\org\springframework\plugin\spring-plugin-metadata\1.2.0.RELEASE\spring-plugin-metadata-1.2.0.RELEASE.jar;D:\software\Maven\apache-maven-3.6.3-bin\maven_jar\org\mapstruct\mapstruct\1.2.0.Final\mapstruct-1.2.0.Final.jar;D:\software\Maven\apache-maven-3.6.3-bin\maven_jar\io\springfox\springfox-swagger-ui\2.10.2\springfox-swagger-ui-2.10.2.jar;D:\software\Maven\apache-maven-3.6.3-bin\maven_jar\com\github\pagehelper\pagehelper-spring-boot-starter\1.2.13\pagehelper-spring-boot-starter-1.2.13.jar;D:\software\Maven\apache-maven-3.6.3-bin\maven_jar\com\github\pagehelper\pagehelper-spring-boot-autoconfigure\1.2.13\pagehelper-spring-boot-autoconfigure-1.2.13.jar;D:\software\Maven\apache-maven-3.6.3-bin\maven_jar\com\github\pagehelper\pagehelper\5.1.11\pagehelper-5.1.11.jar;D:\software\Maven\apache-maven-3.6.3-bin\maven_jar\com\github\jsqlparser\jsqlparser\2.0\jsqlparser-2.0.jar;D:\software\Maven\apache-maven-3.6.3-bin\maven_jar\mysql\mysql-connector-java\8.0.20\mysql-connector-java-8.0.20.jar;D:\software\Maven\apache-maven-3.6.3-bin\maven_jar\com\google\protobuf\protobuf-java\3.6.1\protobuf-java-3.6.1.jar;D:\software\Maven\apache-maven-3.6.3-bin\maven_jar\org\mybatis\spring\boot\mybatis-spring-boot-starter\2.1.2\mybatis-spring-boot-starter-2.1.2.jar;D:\software\Maven\apache-maven-3.6.3-bin\maven_jar\org\springframework\boot\spring-boot-starter-jdbc\2.3.3.RELEASE\spring-boot-starter-jdbc-2.3.3.RELEASE.jar;D:\software\Maven\apache-maven-3.6.3-bin\maven_jar\com\zaxxer\HikariCP\3.4.5\HikariCP-3.4.5.jar;D:\software\Maven\apache-maven-3.6.3-bin\maven_jar\org\springframework\spring-jdbc\5.2.8.RELEASE\spring-jdbc-5.2.8.RELEASE.jar;D:\software\Maven\apache-maven-3.6.3-bin\maven_jar\org\mybatis\spring\boot\mybatis-spring-boot-autoconfigure\2.1.2\mybatis-spring-boot-autoconfigure-2.1.2.jar;D:\software\Maven\apache-maven-3.6.3-bin\maven_jar\org\mybatis\mybatis\3.5.4\mybatis-3.5.4.jar;D:\software\Maven\apache-maven-3.6.3-bin\maven_jar\org\mybatis\mybatis-spring\2.0.4\mybatis-spring-2.0.4.jar;D:\software\Maven\apache-maven-3.6.3-bin\maven_jar\com\alibaba\druid-spring-boot-starter\1.1.22\druid-spring-boot-starter-1.1.22.jar;D:\software\Maven\apache-maven-3.6.3-bin\maven_jar\com\alibaba\druid\1.1.22\druid-1.1.22.jar;D:\software\Maven\apache-maven-3.6.3-bin\maven_jar\org\springframework\boot\spring-boot-autoconfigure\2.3.3.RELEASE\spring-boot-autoconfigure-2.3.3.RELEASE.jar;D:\software\Maven\apache-maven-3.6.3-bin\maven_jar\ch\qos\logback\logback-classic\1.2.3\logback-classic-1.2.3.jar;D:\software\Maven\apache-maven-3.6.3-bin\maven_jar\ch\qos\logback\logback-core\1.2.3\logback-core-1.2.3.jar;D:\software\Maven\apache-maven-3.6.3-bin\maven_jar\com\fasterxml\jackson\datatype\jackson-datatype-jsr310\2.11.1\jackson-datatype-jsr310-2.11.1.jar;D:\software\Maven\apache-maven-3.6.3-bin\maven_jar\com\fasterxml\jackson\core\jackson-annotations\2.11.2\jackson-annotations-2.11.2.jar;D:\software\Maven\apache-maven-3.6.3-bin\maven_jar\com\fasterxml\jackson\core\jackson-core\2.11.2\jackson-core-2.11.2.jar;D:\software\Maven\apache-maven-3.6.3-bin\maven_jar\com\fasterxml\jackson\core\jackson-databind\2.11.2\jackson-databind-2.11.2.jar;D:\software\Maven\apache-maven-3.6.3-bin\maven_jar\com\fasterxml\jackson\datatype\jackson-datatype-jdk8\2.11.1\jackson-datatype-jdk8-2.11.1.jar;D:\software\Maven\apache-maven-3.6.3-bin\maven_jar\org\apache\commons\commons-pool2\2.9.0\commons-pool2-2.9.0.jar;D:\software\Maven\apache-maven-3.6.3-bin\maven_jar\com\auth0\java-jwt\3.10.3\java-jwt-3.10.3.jar;D:\software\Maven\apache-maven-3.6.3-bin\maven_jar\commons-codec\commons-codec\1.14\commons-codec-1.14.jar;D:\software\Maven\apache-maven-3.6.3-bin\maven_jar\org\springframework\boot\spring-boot-starter-mail\2.3.3.RELEASE\spring-boot-starter-mail-2.3.3.RELEASE.jar;D:\software\Maven\apache-maven-3.6.3-bin\maven_jar\org\springframework\spring-context-support\5.2.8.RELEASE\spring-context-support-5.2.8.RELEASE.jar;D:\software\Maven\apache-maven-3.6.3-bin\maven_jar\com\sun\mail\jakarta.mail\1.6.5\jakarta.mail-1.6.5.jar;D:\software\Maven\apache-maven-3.6.3-bin\maven_jar\com\sun\activation\jakarta.activation\1.2.2\jakarta.activation-1.2.2.jar;"/>
    <property name="sun.cpu.endian" value="little"/>
    <property name="user.home" value="C:\Users\DELL"/>
    <property name="user.language" value="zh"/>
    <property name="java.specification.vendor" value="Oracle Corporation"/>
    <property name="java.version.date" value="2020-04-14"/>
    <property name="java.home" value="D:\software\ideaIU-2020.1.2\IntelliJ IDEA 2020.1.2\jbr"/>
    <property name="file.separator" value="\"/>
    <property name="basedir" value="E:\Generation\JAVAEE\1-6\other\userservice"/>
    <property name="java.vm.compressedOopsMode" value="Zero based"/>
    <property name="line.separator" value="&#10;"/>
    <property name="java.specification.name" value="Java Platform API Specification"/>
    <property name="java.vm.specification.vendor" value="Oracle Corporation"/>
    <property name="java.awt.graphicsenv" value="sun.awt.Win32GraphicsEnvironment"/>
    <property name="surefire.real.class.path" value="C:\Users\DELL\AppData\Local\Temp\surefire6206291831271949818\surefirebooter8296483407640823420.jar"/>
    <property name="idea.version2020.1.4" value="true"/>
    <property name="user.script" value=""/>
    <property name="sun.management.compiler" value="HotSpot 64-Bit Tiered Compilers"/>
    <property name="java.runtime.version" value="11.0.7+10-b765.65"/>
    <property name="user.name" value="DELL"/>
    <property name="path.separator" value=";"/>
    <property name="os.version" value="10.0"/>
    <property name="java.runtime.name" value="OpenJDK Runtime Environment"/>
    <property name="file.encoding" value="GBK"/>
    <property name="java.vm.name" value="OpenJDK 64-Bit Server VM"/>
    <property name="java.vendor.version" value="JBR-11.0.7.10-765.65-jfx"/>
    <property name="localRepository" value="D:\software\Maven\apache-maven-3.6.3-bin\maven_jar"/>
    <property name="java.vendor.url.bug" value="https://youtrack.jetbrains.com"/>
    <property name="java.io.tmpdir" value="C:\Users\DELL\AppData\Local\Temp\"/>
    <property name="java.version" value="11.0.7"/>
    <property name="user.dir" value="E:\Generation\JAVAEE\1-6\other\userservice"/>
    <property name="os.arch" value="amd64"/>
    <property name="java.vm.specification.name" value="Java Virtual Machine Specification"/>
    <property name="java.awt.printerjob" value="sun.awt.windows.WPrinterJob"/>
    <property name="sun.os.patch.level" value=""/>
    <property name="java.library.path" value="D:\software\ideaIU-2020.1.2\IntelliJ IDEA 2020.1.2\jbr\bin;C:\WINDOWS\Sun\Java\bin;C:\WINDOWS\system32;C:\WINDOWS;C:\Program Files (x86)\Common Files\Oracle\Java\javapath;D:\software\Oracle\app\oracle\product\11.2.0\server\bin;D:\新建文件夹\Xshell\;C:\P;ogram Files\NVIDIA GPU Computing Toolkit\CUDA\v10.0\bin;C:\Program Files\NVIDIA GPU Computing Toolkit\CUDA\v10.0\libnvvp;C:\Program Files (x86)\Intel\Intel(R) Management Engine Components\iCLS\;C:\Program Files\Intel\Intel(R) Management Engine Components\iCLS\;C:\Windows\system32;C:\Windows;C:\Windows\System32\Wbem;C:\Windows\System32\WindowsPowerShell\v1.0\;C:\Program Files (x86)\Intel\Intel(R) Management Engine Components\DAL;C:\Program Files\Intel\Intel(R) Management Engine Components\DAL;C:\Program Files (x86)\Intel\Intel(R) Management Engine Components\IPT;C:\Program Files\Intel\Intel(R) Management Engine Components\IPT;C:\Program Files (x86)\NVIDIA Corporation\PhysX\Common;C:\Program Files\dotnet\;C:\WINDOWS\system32;C:\WINDOWS;C:\WINDOWS\System32\Wbem;C:\WINDOWS\System32\WindowsPowerShell\v1.0\;C:\WINDOWS\System32\OpenSSH\;D:\Dev-Cpp\MinGW64\bin;D:\MATLAB\runtime\win64;D:\MATLAB\bin;D:\MATLAB\polyspace\bin;C:\ProgramFiles\NVIDIA GPU ComputingToolkit\CUDA\v10.0\lib\x64;D:\software\SFML\bin;C:\WINDOWS\system32;C:\WINDOWS;C:\WINDOWS\System32\Wbem;C:\WINDOWS\System32\WindowsPowerShell\v1.0\;C:\WINDOWS\System32\OpenSSH\;D:\software\JDK8\bin;D:\software\JDK8\jre\bin;D:\Dev-c++\Dev-Cpp\MinGW64\bin;D:\software\Nodejs\Develop\;D:\software\Maven\apache-maven-3.6.3-bin\apache-maven-3.6.3\bin;D:\software\TDM-GCC\TDM-GCC-64\bin;D:\software\git\Git\cmd;D:\software\cocos2d-x-3.17.2\cocos2d-x-3.17.2\templates;D:\software\cocos2d-x-3.17.2\cocos2d-x-3.17.2\tools\cocos2d-console\bin;C:\Users\DELL\AppData\Local\Programs\Python\Python37\Scripts\;C:\Users\DELL\AppData\Local\Programs\Python\Python37\;C:\Users\DELL\AppData\Local\Microsoft\WindowsApps;D:\Dev-Cpp\MinGW64\bin;C:\Program Files\NVIDIA Corporation\NVSMI;C:\Program Files\NVIDIA GPU Computing Toolkit\CUDA\v10.0\bin;C:\Program Files\NVIDIA GPU Computing Toolkit\CUDA\v10.0\extras\CUPTI\libx64;C:\tools\cuda\bin;D:\software\ideaIU-2020.1.2\IntelliJ IDEA 2020.1.2\bin;;C:\Users\DELL\AppData\Roaming\npm;D:\software\vscode\Microsoft VS Code\bin;."/>
    <property name="java.vendor" value="JetBrains s.r.o."/>
    <property name="java.vm.info" value="mixed mode"/>
    <property name="java.vm.version" value="11.0.7+10-b765.65"/>
    <property name="sun.io.unicode.encoding" value="UnicodeLittle"/>
    <property name="java.class.version" value="55.0"/>
  </properties>
  <testcase name="login1" classname="cn.edu.xmu.user.controller.ControllerTest1" time="1.848"/>
  <testcase name="logout" classname="cn.edu.xmu.user.controller.ControllerTest1" time="0.506"/>
  <testcase name="register" classname="cn.edu.xmu.user.controller.ControllerTest1" time="1.13"/>
  <testcase name="getAllUser" classname="cn.edu.xmu.user.controller.ControllerTest1" time="0.723"/>
</testsuite>